<?xml version="1.0" encoding="UTF-8"?>
<testsuite xmlns:xsi="http://www.w3.org/2001/XMLSchema-instance" xsi:noNamespaceSchemaLocation="https://maven.apache.org/surefire/maven-surefire-plugin/xsd/surefire-test-report-3.0.xsd" version="3.0" name="com.davidabx.legacy.service.TransactionProcessorServiceTest" time="8.136" tests="1" errors="0" skipped="0" failures="0">
  <properties>
[...]
</properties>
  <testcase name="testProcessamentoComSucesso" classname="com.davidabx.legacy.service.TransactionProcessorServiceTest" time="0.063">
    <system-out><![CDATA[Standard Commons Logging discovery in action with spring-jcl: please remove commons-logging.jar from classpath in order to avoid potential conflicts
19:28:08.816 [main] INFO org.springframework.test.context.support.AnnotationConfigContextLoaderUtils -- Could not detect default configuration classes for test class [com.davidabx.legacy.service.TransactionProcessorServiceTest]: TransactionProcessorServiceTest does not declare any static, non-private, non-final, nested classes annotated with @Configuration.
19:28:08.940 [main] INFO org.springframework.boot.test.context.SpringBootTestContextBootstrapper -- Found @SpringBootConfiguration com.davidabx.legacy.LegacySyncApplication for test class com.davidabx.legacy.service.TransactionProcessorServiceTest

  .   ____          _            __ _ _
 /\\ / ___'_ __ _ _(_)_ __  __ _ \ \ \ \
( ( )\___ | '_ | '_| | '_ \/ _` | \ \ \ \
 \\/  ___)| |_)| | | | | || (_| |  ) ) ) )
  '  |____| .__|_| |_|_| |_\__, | / / / /
 =========|_|==============|___/=/_/_/_/
 :: Spring Boot ::                (v3.2.3)

2026-02-16T19:28:09.440-03:00  INFO 19884 --- [legacy-sync-cloud] [           main] c.d.l.s.TransactionProcessorServiceTest  : Starting TransactionProcessorServiceTest using Java 17.0.18 with PID 19884 (started by David in C:\Users\David\Documents\legacy-sync-cloud)
2026-02-16T19:28:09.440-03:00  INFO 19884 --- [legacy-sync-cloud] [           main] c.d.l.s.TransactionProcessorServiceTest  : No active profile set, falling back to 1 default profile: "default"
2026-02-16T19:28:10.368-03:00  INFO 19884 --- [legacy-sync-cloud] [           main] .s.d.r.c.RepositoryConfigurationDelegate : Bootstrapping Spring Data JPA repositories in DEFAULT mode.
2026-02-16T19:28:10.431-03:00  INFO 19884 --- [legacy-sync-cloud] [           main] .s.d.r.c.RepositoryConfigurationDelegate : Finished Spring Data repository scanning in 48 ms. Found 1 JPA repository interface.
2026-02-16T19:28:10.987-03:00  INFO 19884 --- [legacy-sync-cloud] [           main] com.zaxxer.hikari.HikariDataSource       : HikariPool-1 - Starting...
2026-02-16T19:28:11.279-03:00  INFO 19884 --- [legacy-sync-cloud] [           main] com.zaxxer.hikari.pool.HikariPool        : HikariPool-1 - Added connection org.postgresql.jdbc.PgConnection@2e6d76ba
2026-02-16T19:28:11.281-03:00  INFO 19884 --- [legacy-sync-cloud] [           main] com.zaxxer.hikari.HikariDataSource       : HikariPool-1 - Start completed.
2026-02-16T19:28:11.409-03:00  INFO 19884 --- [legacy-sync-cloud] [           main] o.f.c.internal.license.VersionPrinter    : Flyway Community Edition 9.22.3 by Redgate
2026-02-16T19:28:11.409-03:00  INFO 19884 --- [legacy-sync-cloud] [           main] o.f.c.internal.license.VersionPrinter    : See release notes here: https://rd.gt/416ObMi
2026-02-16T19:28:11.410-03:00  INFO 19884 --- [legacy-sync-cloud] [           main] o.f.c.internal.license.VersionPrinter    : 
2026-02-16T19:28:11.442-03:00  INFO 19884 --- [legacy-sync-cloud] [           main] org.flywaydb.core.FlywayExecutor         : Database: jdbc:postgresql://localhost:5432/tqi_challenge_db (PostgreSQL 15.15)
2026-02-16T19:28:11.542-03:00  INFO 19884 --- [legacy-sync-cloud] [           main] o.f.core.internal.command.DbValidate     : Successfully validated 1 migration (execution time 00:00.054s)
2026-02-16T19:28:11.574-03:00  INFO 19884 --- [legacy-sync-cloud] [           main] o.f.core.internal.command.DbMigrate      : Current version of schema "public": 1
2026-02-16T19:28:11.581-03:00  INFO 19884 --- [legacy-sync-cloud] [           main] o.f.core.internal.command.DbMigrate      : Schema "public" is up to date. No migration necessary.
2026-02-16T19:28:12.600-03:00  INFO 19884 --- [legacy-sync-cloud] [           main] o.hibernate.jpa.internal.util.LogHelper  : HHH000204: Processing PersistenceUnitInfo [name: default]
2026-02-16T19:28:12.719-03:00  INFO 19884 --- [legacy-sync-cloud] [           main] org.hibernate.Version                    : HHH000412: Hibernate ORM core version 6.4.4.Final
2026-02-16T19:28:12.786-03:00  INFO 19884 --- [legacy-sync-cloud] [           main] o.h.c.internal.RegionFactoryInitiator    : HHH000026: Second-level cache disabled
2026-02-16T19:28:13.102-03:00  INFO 19884 --- [legacy-sync-cloud] [           main] o.s.o.j.p.SpringPersistenceUnitInfo      : No LoadTimeWeaver setup: ignoring JPA class transformer
2026-02-16T19:28:14.020-03:00  INFO 19884 --- [legacy-sync-cloud] [           main] o.h.e.t.j.p.i.JtaPlatformInitiator       : HHH000489: No JTA platform available (set 'hibernate.transaction.jta.platform' to enable JTA platform integration)
2026-02-16T19:28:14.079-03:00  INFO 19884 --- [legacy-sync-cloud] [           main] j.LocalContainerEntityManagerFactoryBean : Initialized JPA EntityManagerFactory for persistence unit 'default'
2026-02-16T19:28:14.452-03:00  INFO 19884 --- [legacy-sync-cloud] [           main] o.s.d.j.r.query.QueryEnhancerFactory     : Hibernate is in classpath; If applicable, HQL parser will be used.
2026-02-16T19:28:15.388-03:00  WARN 19884 --- [legacy-sync-cloud] [           main] JpaBaseConfiguration$JpaWebConfiguration : spring.jpa.open-in-view is enabled by default. Therefore, database queries may be performed during view rendering. Explicitly configure spring.jpa.open-in-view to disable this warning
2026-02-16T19:28:15.991-03:00  INFO 19884 --- [legacy-sync-cloud] [           main] c.d.l.s.TransactionProcessorServiceTest  : Started TransactionProcessorServiceTest in 6.85 seconds (process running for 7.974)
✅ Teste Unitário: Lógica de processamento validada para David!
]]></system-out>
  </testcase>
</testsuite>